[debug] [2021-07-03T17:03:33.070Z] ----------------------------------------------------------------------
[debug] [2021-07-03T17:03:33.071Z] Command:       /usr/bin/node /usr/bin/firebase init
[debug] [2021-07-03T17:03:33.072Z] CLI Version:   9.14.0
[debug] [2021-07-03T17:03:33.072Z] Platform:      linux
[debug] [2021-07-03T17:03:33.072Z] Node Version:  v14.17.2
[debug] [2021-07-03T17:03:33.072Z] Time:          Sat Jul 03 2021 14:03:33 GMT-0300 (Brasilia Standard Time)
[debug] [2021-07-03T17:03:33.072Z] ----------------------------------------------------------------------
[debug] 
[debug] [2021-07-03T17:03:33.076Z] > command requires scopes: ["email","openid","https://www.googleapis.com/auth/cloudplatformprojects.readonly","https://www.googleapis.com/auth/firebase","https://www.googleapis.com/auth/cloud-platform"]
[debug] [2021-07-03T17:03:33.076Z] > authorizing via signed-in user (diibarbosa22@gmail.com)
[info] 
     ######## #### ########  ######## ########     ###     ######  ########
     ##        ##  ##     ## ##       ##     ##  ##   ##  ##       ##
     ######    ##  ########  ######   ########  #########  ######  ######
     ##        ##  ##    ##  ##       ##     ## ##     ##       ## ##
     ##       #### ##     ## ######## ########  ##     ##  ######  ########

You're about to initialize a Firebase project in this directory:

  /home/diogo/www/rocket/letmeask

[info] 
=== Project Setup
[info] 
[info] First, let's associate this project directory with a Firebase project.
[info] You can create multiple project aliases by running firebase use --add, 
[info] but for now we'll just set up a default project.
[info] 
[debug] [2021-07-03T17:05:11.275Z] >>> [apiv2][query] GET https://firebase.googleapis.com/v1beta1/projects pageSize=100
[debug] [2021-07-03T17:05:11.853Z] <<< [apiv2][status] GET https://firebase.googleapis.com/v1beta1/projects 200
[debug] [2021-07-03T17:05:11.853Z] <<< [apiv2][body] GET https://firebase.googleapis.com/v1beta1/projects [omitted]
[info] i  Using project letmeask-d7bc7 (letmeask) 
[info] 
=== Database Setup
[info] i  database: ensuring required API firebasedatabase.googleapis.com is enabled... 
[debug] [2021-07-03T17:05:17.891Z] > refreshing access token with scopes: ["email","https://www.googleapis.com/auth/cloud-platform","https://www.googleapis.com/auth/cloudplatformprojects.readonly","https://www.googleapis.com/auth/firebase","openid"]
[debug] [2021-07-03T17:05:17.892Z] >>> HTTP REQUEST POST https://www.googleapis.com/oauth2/v3/token  
 <request body omitted>
[debug] [2021-07-03T17:05:18.193Z] <<< HTTP RESPONSE 200 {"expires":"Mon, 01 Jan 1990 00:00:00 GMT","pragma":"no-cache","cache-control":"no-cache, no-store, max-age=0, must-revalidate","date":"Sat, 03 Jul 2021 17:05:18 GMT","content-type":"application/json; charset=utf-8","vary":"X-Origin, Referer, Origin,Accept-Encoding","server":"scaffolding on HTTPServer2","x-xss-protection":"0","x-frame-options":"SAMEORIGIN","x-content-type-options":"nosniff","alt-svc":"h3=\":443\"; ma=2592000,h3-29=\":443\"; ma=2592000,h3-T051=\":443\"; ma=2592000,h3-Q050=\":443\"; ma=2592000,h3-Q046=\":443\"; ma=2592000,h3-Q043=\":443\"; ma=2592000,quic=\":443\"; ma=2592000; v=\"46,43\"","accept-ranges":"none","transfer-encoding":"chunked"}
[debug] [2021-07-03T17:05:18.208Z] >>> HTTP REQUEST GET https://serviceusage.googleapis.com/v1/projects/letmeask-d7bc7/services/firebasedatabase.googleapis.com  
 
[debug] [2021-07-03T17:05:19.800Z] <<< HTTP RESPONSE 200 {"content-type":"application/json; charset=UTF-8","vary":"X-Origin, Referer, Origin,Accept-Encoding","date":"Sat, 03 Jul 2021 17:05:20 GMT","server":"ESF","cache-control":"private","x-xss-protection":"0","x-frame-options":"SAMEORIGIN","x-content-type-options":"nosniff","alt-svc":"h3=\":443\"; ma=2592000,h3-29=\":443\"; ma=2592000,h3-T051=\":443\"; ma=2592000,h3-Q050=\":443\"; ma=2592000,h3-Q046=\":443\"; ma=2592000,h3-Q043=\":443\"; ma=2592000,quic=\":443\"; ma=2592000; v=\"46,43\"","accept-ranges":"none","transfer-encoding":"chunked"}
[info] ✔  database: required API firebasedatabase.googleapis.com is enabled 
[info] 
[debug] [2021-07-03T17:05:19.802Z] >>> HTTP REQUEST GET https://firebasedatabase.googleapis.com/v1beta/projects/letmeask-d7bc7/locations/-/instances/letmeask-d7bc7-default-rtdb  
 
[debug] [2021-07-03T17:05:21.437Z] <<< HTTP RESPONSE 200 {"content-type":"application/json; charset=UTF-8","vary":"X-Origin, Referer, Origin,Accept-Encoding","date":"Sat, 03 Jul 2021 17:05:21 GMT","server":"ESF","cache-control":"private","x-xss-protection":"0","x-frame-options":"SAMEORIGIN","x-content-type-options":"nosniff","alt-svc":"h3=\":443\"; ma=2592000,h3-29=\":443\"; ma=2592000,h3-T051=\":443\"; ma=2592000,h3-Q050=\":443\"; ma=2592000,h3-Q046=\":443\"; ma=2592000,h3-Q043=\":443\"; ma=2592000,quic=\":443\"; ma=2592000; v=\"46,43\"","accept-ranges":"none","transfer-encoding":"chunked"}
[info] 
[info] Firebase Realtime Database Security Rules allow you to define how your data should be
[info] structured and when your data can be read from and written to.
[info] 
[debug] [2021-07-03T17:05:40.887Z] >>> HTTP REQUEST GET https://letmeask-d7bc7-default-rtdb.firebaseio.com/.settings/rules.json  
 
[debug] [2021-07-03T17:05:41.972Z] <<< HTTP RESPONSE 200 {"server":"nginx","date":"Sat, 03 Jul 2021 17:05:42 GMT","content-type":"application/json; charset=utf-8","content-length":"571","connection":"keep-alive","access-control-allow-origin":"*","cache-control":"no-cache","strict-transport-security":"max-age=31556926; includeSubDomains; preload"}
[info] ✔  Database Rules for letmeask-d7bc7-default-rtdb have been written to database.rules.json. 
[info] Future modifications to database.rules.json will update Realtime Database Security Rules when you run
[info] firebase deploy.
[info] 
=== Hosting Setup
[info] 
[info] Your public directory is the folder (relative to your project directory) that
[info] will contain Hosting assets to be uploaded with firebase deploy. If you
[info] have a build process for your assets, use your build's output directory.
[info] 
[debug] [2021-07-03T17:07:09.614Z] >>> [apiv2][query] GET https://www.gstatic.com/firebasejs/releases.json [none]
[debug] [2021-07-03T17:07:09.834Z] <<< [apiv2][status] GET https://www.gstatic.com/firebasejs/releases.json 200
[debug] [2021-07-03T17:07:09.835Z] <<< [apiv2][body] GET https://www.gstatic.com/firebasejs/releases.json {"current":{"version":"8.7.0","browserURL":"https://www.gstatic.com/firebasejs/8.7.0/firebase.js","packageURL":"https://www.gstatic.com/firebasejs/8.7.0/firebase.tgz"},"live":{"version":"8.7","browserURL":"https://www.gstatic.com/firebasejs/live/8.7/firebase.js","packageURL":"https://www.gstatic.com/firebasejs/live/8.7/firebase.tgz"},"components":{"analytics":"https://www.gstatic.com/firebasejs/8.7.0/firebase-analytics.js","app":"https://www.gstatic.com/firebasejs/8.7.0/firebase-app.js","app-check":"https://www.gstatic.com/firebasejs/8.7.0/firebase-app-check.js","auth":"https://www.gstatic.com/firebasejs/8.7.0/firebase-auth.js","database":"https://www.gstatic.com/firebasejs/8.7.0/firebase-database.js","firestore":"https://www.gstatic.com/firebasejs/8.7.0/firebase-firestore.js","functions":"https://www.gstatic.com/firebasejs/8.7.0/firebase-functions.js","installations":"https://www.gstatic.com/firebasejs/8.7.0/firebase-installations.js","messaging":"https://www.gstatic.com/firebasejs/8.7.0/firebase-messaging.js","storage":"https://www.gstatic.com/firebasejs/8.7.0/firebase-storage.js","performance":"https://www.gstatic.com/firebasejs/8.7.0/firebase-performance.js","remote-config":"https://www.gstatic.com/firebasejs/8.7.0/firebase-remote-config.js","firestore.memory":"https://www.gstatic.com/firebasejs/8.7.0/firebase-firestore.memory.js"}}
[info] ✔  Wrote build/index.html 
[info] 
[info] i  Detected a .git folder at /home/diogo/www/rocket/letmeask 
[info] i  Authorizing with GitHub to upload your service account to a GitHub repository's secrets store. 
[info] 
[info] Visit this URL on this device to log in:
[info] https://github.com/login/oauth/authorize?client_id=89cf50f02ac6aaed3484&state=661132995&redirect_uri=http%3A%2F%2Flocalhost%3A9005&scope=read%3Auser%20repo%20public_repo
[info] 
[info] Waiting for authentication...
[debug] [2021-07-03T17:12:05.814Z] >>> HTTP REQUEST POST https://github.com/login/oauth/access_token  
 {"client_id":"89cf50f02ac6aaed3484","client_secret":"3330d14abc895d9a74d5f17cd7a00711fa2c5bf0","code":"0679ff7c47302422db04","redirect_uri":"http://localhost:9005","state":"661132995"}
[debug] [2021-07-03T17:12:06.213Z] <<< HTTP RESPONSE 200 {"server":"GitHub.com","date":"Sat, 03 Jul 2021 17:12:06 GMT","content-type":"application/json; charset=utf-8","transfer-encoding":"chunked","vary":"X-PJAX, Accept-Encoding, Accept, X-Requested-With","permissions-policy":"interest-cohort=()","etag":"W/\"6842c7e1ef1507606301d6e314a98e71\"","cache-control":"max-age=0, private, must-revalidate","strict-transport-security":"max-age=31536000; includeSubdomains; preload","x-frame-options":"deny","x-content-type-options":"nosniff","x-xss-protection":"0","referrer-policy":"origin-when-cross-origin, strict-origin-when-cross-origin","expect-ct":"max-age=2592000, report-uri=\"https://api.github.com/_private/browser/errors\"","content-security-policy":"default-src 'none'; base-uri 'self'; block-all-mixed-content; connect-src 'self' uploads.github.com www.githubstatus.com collector.githubapp.com api.github.com github-cloud.s3.amazonaws.com github-production-repository-file-5c1aeb.s3.amazonaws.com github-production-upload-manifest-file-7fdce7.s3.amazonaws.com github-production-user-asset-6210df.s3.amazonaws.com cdn.optimizely.com logx.optimizely.com/v1/events translator.github.com wss://alive.github.com; font-src github.githubassets.com; form-action 'self' github.com gist.github.com; frame-ancestors 'none'; frame-src render.githubusercontent.com render-temp.githubusercontent.com viewscreen.githubusercontent.com; img-src 'self' data: github.githubassets.com identicons.github.com collector.githubapp.com github-cloud.s3.amazonaws.com secured-user-images.githubusercontent.com/ *.githubusercontent.com; manifest-src 'self'; media-src 'none'; script-src github.githubassets.com; style-src 'unsafe-inline' github.githubassets.com; worker-src github.com/socket-worker-3f088aa2.js gist.github.com/socket-worker-3f088aa2.js","x-github-request-id":"45EA:291D:1F628E8:2A4CB29:60E09A66"}
[debug] [2021-07-03T17:12:06.218Z] >>> [apiv2][query] GET https://api.github.com/user [none]
[debug] [2021-07-03T17:12:06.654Z] <<< [apiv2][status] GET https://api.github.com/user 200
[debug] [2021-07-03T17:12:06.654Z] <<< [apiv2][body] GET https://api.github.com/user {"login":"FullBarbosa","id":62688167,"node_id":"MDQ6VXNlcjYyNjg4MTY3","avatar_url":"https://avatars.githubusercontent.com/u/62688167?v=4","gravatar_id":"","url":"https://api.github.com/users/FullBarbosa","html_url":"https://github.com/FullBarbosa","followers_url":"https://api.github.com/users/FullBarbosa/followers","following_url":"https://api.github.com/users/FullBarbosa/following{/other_user}","gists_url":"https://api.github.com/users/FullBarbosa/gists{/gist_id}","starred_url":"https://api.github.com/users/FullBarbosa/starred{/owner}{/repo}","subscriptions_url":"https://api.github.com/users/FullBarbosa/subscriptions","organizations_url":"https://api.github.com/users/FullBarbosa/orgs","repos_url":"https://api.github.com/users/FullBarbosa/repos","events_url":"https://api.github.com/users/FullBarbosa/events{/privacy}","received_events_url":"https://api.github.com/users/FullBarbosa/received_events","type":"User","site_admin":false,"name":"Diogo Barbosa","company":"Indra Company","blog":"https://cv-silk.vercel.app/","location":"João Pessoa ","email":"diibarbosa22@gmail.com","hireable":null,"bio":"Developer Front-End.","twitter_username":null,"public_repos":19,"public_gists":0,"followers":16,"following":13,"created_at":"2020-03-26T06:18:05Z","updated_at":"2021-07-03T17:12:06Z","private_gists":0,"total_private_repos":42,"owned_private_repos":42,"disk_usage":76906,"collaborators":0,"two_factor_authentication":false,"plan":{"name":"free","space":976562499,"collaborators":0,"private_repos":10000}}
[info] 
[info] ✔  Success! Logged into GitHub as FullBarbosa 
[info] 
[debug] [2021-07-03T17:15:11.521Z] >>> [apiv2][query] GET https://api.github.com/repos/For which GitHub repository would you like to set up a GitHub/actions/secrets/public-key type=owner
[debug] [2021-07-03T17:15:12.011Z] <<< [apiv2][status] GET https://api.github.com/repos/For which GitHub repository would you like to set up a GitHub/actions/secrets/public-key 404
[debug] [2021-07-03T17:15:12.011Z] <<< [apiv2][body] GET https://api.github.com/repos/For which GitHub repository would you like to set up a GitHub/actions/secrets/public-key {"message":"Not Found","documentation_url":"https://docs.github.com/rest"}
[debug] [2021-07-03T17:15:14.194Z] >>> [apiv2][query] GET https://api.github.com/repos/ workflow?For which GitHub repository would you like to set up a GitHub/actions/secrets/public-key type=owner
[debug] [2021-07-03T17:15:14.693Z] <<< [apiv2][status] GET https://api.github.com/repos/ workflow?For which GitHub repository would you like to set up a GitHub/actions/secrets/public-key 404
[debug] [2021-07-03T17:15:14.693Z] <<< [apiv2][body] GET https://api.github.com/repos/ workflow?For which GitHub repository would you like to set up a GitHub/actions/secrets/public-key {"message":"Not Found","documentation_url":"https://docs.github.com/rest"}
